#
# A fatal error has been detected by the Java Runtime Environment:
#
#  Internal Error (0xc000000d), pid=6632, tid=4188
#
# JRE version: Java(TM) SE Runtime Environment (8.0_25-b18) (build 1.8.0_25-b18)
# Java VM: Java HotSpot(TM) 64-Bit Server VM (25.25-b02 mixed mode windows-amd64 compressed oops)
# Problematic frame:
# C  [ntdll.dll+0xf56a0]
#
# Failed to write core dump. Minidumps are not enabled by default on client versions of Windows
#
# If you would like to submit a bug report, please visit:
#   http://bugreport.sun.com/bugreport/crash.jsp
#

---------------  T H R E A D  ---------------

Current thread (0x0000000013b76000):  VMThread [stack: 0x0000000014c20000,0x0000000014d20000] [id=4188]

siginfo: ExceptionCode=0xc000000d

Registers:
RAX=0x0000000077993ea4, RBX=0xfffffffffffffffe, RCX=0x0000000015f49a70, RDX=0x00000000779cc9a9
RSP=0x0000000014d1f1b0, RBP=0x00007ff9a1207408, RSI=0x0000000000000000, RDI=0x0000000000000148
R8 =0x00007ff9bd19b60c, R9 =0x0000000015f4cd40, R10=0x0000000013a85400, R11=0x0000000015f4cd40
R12=0x00000000006ad420, R13=0x00000000005c2e30, R14=0x00000000006ad528, R15=0x0000000014d1f328
RIP=0x00007ff9bd2356a0, EFLAGS=0x0000000000000206

Top of Stack: (sp=0x0000000014d1f1b0)
0x0000000014d1f1b0:   0000000000000000 fffffffffffffffe
0x0000000014d1f1c0:   0000000000000000 0000000000000148
0x0000000014d1f1d0:   00000000c000000d 0000000000000000
0x0000000014d1f1e0:   00007ff9bd2356a0 0000000000000000
0x0000000014d1f1f0:   0000000000000000 0000000000000000
0x0000000014d1f200:   0000000000000000 0000000000000000
0x0000000014d1f210:   0000000000000000 0000000000000000
0x0000000014d1f220:   0000000000000000 0000000000000000
0x0000000014d1f230:   0000000000000000 0000000000000000
0x0000000014d1f240:   0000000000000000 0000000000000000
0x0000000014d1f250:   0000000000000000 0000000000000000
0x0000000014d1f260:   0000000000000000 0000000000000000
0x0000000014d1f270:   0000bb1fcdb247a9 0000000000000000
0x0000000014d1f280:   0000000000000000 00007ff9bd1f03df
0x0000000014d1f290:   0000000000000000 0000000000000000
0x0000000014d1f2a0:   0000000000000000 0000000000000000 

Instructions: (pc=0x00007ff9bd2356a0)
0x00007ff9bd235680:   62 fb ff c7 44 24 20 0d 00 00 c0 b9 57 00 00 00
0x00007ff9bd235690:   e8 4b 35 f5 ff 90 48 8d 4c 24 20 e8 d0 12 f4 ff
0x00007ff9bd2356a0:   eb 00 48 8b 8c 24 c0 00 00 00 48 33 cc e8 8e 01
0x00007ff9bd2356b0:   fa ff 48 81 c4 d8 00 00 00 c3 40 55 48 83 ec 20 


Register to memory mapping:

RAX=0x0000000077993ea4 is an unknown value
RBX=0xfffffffffffffffe is an unknown value
RCX=0x0000000015f49a70 is an unknown value
RDX=0x00000000779cc9a9 is an unknown value
RSP=0x0000000014d1f1b0 is an unknown value
RBP=0x00007ff9a1207408 is an unknown value
RSI=0x0000000000000000 is an unknown value
RDI=0x0000000000000148 is an unknown value
R8 =0x00007ff9bd19b60c is an unknown value
R9 =0x0000000015f4cd40 is an unknown value
R10=0x0000000013a85400 is an unknown value
R11=0x0000000015f4cd40 is an unknown value
R12=0x00000000006ad420 is an unknown value
R13=0x00000000005c2e30 is an unknown value
R14=0x00000000006ad528 is an unknown value
R15=0x0000000014d1f328 is an unknown value


Stack: [0x0000000014c20000,0x0000000014d20000],  sp=0x0000000014d1f1b0,  free space=1020k
Native frames: (J=compiled Java code, j=interpreted, Vv=VM code, C=native code)
C  [ntdll.dll+0xf56a0]
C  [ntdll.dll+0xb03df]
C  [KERNEL32.DLL+0x28c6a]
C  [MSVCR110.dll+0x752d]
C  [MSVCR110.dll+0x14cde]
C  [MSVCR110.dll+0x13edc]
C  [MSVCR110.dll+0x239e]
C  [MSVCR110.dll+0xaf9e]
C  [MSVCP110.dll+0x397b9]
C  [librdi_common.dll+0x135d02]
C  [librdi_common.dll+0x13447b]
C  0x00007ff9aa892400
C  0x00007ff9aa892682
C  [ntdll.dll+0x152c8]
C  [ntdll.dll+0x5b2ea]
C  [ntdll.dll+0x5b17a]
C  [KERNEL32.DLL+0x24d8a]
C  [MSVCR100.dll+0x20ccd]
V  [jvm.dll+0x1f9c55]
V  [jvm.dll+0x2325e7]
V  [jvm.dll+0x231826]
V  [jvm.dll+0x231cc1]
V  [jvm.dll+0x231ede]
V  [jvm.dll+0x2852fa]
C  [MSVCR100.dll+0x21d9f]
C  [MSVCR100.dll+0x21e3b]
C  [KERNEL32.DLL+0x18102]
C  [ntdll.dll+0x5c5b4]

VM_Operation (0x000000000014f500): Exit, mode: safepoint, requested by thread 0x000000000278e000


---------------  P R O C E S S  ---------------

Java Threads: ( => current thread )
  0x0000000016dae800 JavaThread "Spawner Reaper" daemon [_thread_in_native, id=9920, stack(0x000000002d910000,0x000000002da10000)]
  0x0000000016dad000 JavaThread "pool-1-thread-1" [_thread_blocked, id=9628, stack(0x000000002d710000,0x000000002d810000)]
  0x0000000016db3800 JavaThread "Thread-23" daemon [_thread_blocked, id=5300, stack(0x000000002d410000,0x000000002d510000)]
  0x00000000198e9000 JavaThread "TCF Locator DNS Lookup" daemon [_thread_blocked, id=9212, stack(0x0000000020e50000,0x0000000020f50000)]
  0x00000000198ea800 JavaThread "TCF Locator Timer" daemon [_thread_blocked, id=3476, stack(0x0000000020d50000,0x0000000020e50000)]
  0x0000000016933000 JavaThread "TCF Locator Receiver" daemon [_thread_in_native, id=628, stack(0x0000000020c50000,0x0000000020d50000)]
  0x0000000016936000 JavaThread "TCF Timer Dispatcher" daemon [_thread_blocked, id=1252, stack(0x0000000020a50000,0x0000000020b50000)]
  0x000000001617b000 JavaThread "EMF Reference Cleaner" daemon [_thread_blocked, id=1380, stack(0x00000000181d0000,0x00000000182d0000)]
  0x0000000013c0e800 JavaThread "Service Thread" daemon [_thread_blocked, id=8544, stack(0x0000000015820000,0x0000000015920000)]
  0x0000000013bb7800 JavaThread "C1 CompilerThread2" daemon [_thread_blocked, id=9928, stack(0x0000000015320000,0x0000000015420000)]
  0x0000000013bb2800 JavaThread "C2 CompilerThread1" daemon [_thread_blocked, id=5252, stack(0x0000000015220000,0x0000000015320000)]
  0x0000000013bae800 JavaThread "C2 CompilerThread0" daemon [_thread_blocked, id=4268, stack(0x0000000015120000,0x0000000015220000)]
  0x0000000013bad800 JavaThread "Attach Listener" daemon [_thread_blocked, id=9304, stack(0x0000000015020000,0x0000000015120000)]
  0x0000000013bac800 JavaThread "Signal Dispatcher" daemon [_thread_blocked, id=2716, stack(0x0000000014f20000,0x0000000015020000)]
  0x0000000002706800 JavaThread "Finalizer" daemon [_thread_blocked, id=4528, stack(0x0000000014e20000,0x0000000014f20000)]
  0x00000000026ff800 JavaThread "Reference Handler" daemon [_thread_blocked, id=9788, stack(0x0000000014d20000,0x0000000014e20000)]
  0x000000000278e000 JavaThread "main" [_thread_blocked, id=7320, stack(0x0000000000050000,0x0000000000150000)]

Other Threads:
=>0x0000000013b76000 VMThread [stack: 0x0000000014c20000,0x0000000014d20000] [id=4188]

VM state:at safepoint (shutting down)

VM Mutex/Monitor currently owned by a thread:  ([mutex/lock_event])
[0x000000000278d660] Threads_lock - owner thread: 0x0000000013b76000

Heap:
 PSYoungGen      total 108032K, used 95273K [0x00000000f5580000, 0x00000000fd900000, 0x0000000100000000)
  eden space 94720K, 87% used [0x00000000f5580000,0x00000000fa6545e0,0x00000000fb200000)
  from space 13312K, 93% used [0x00000000fcc00000,0x00000000fd835f78,0x00000000fd900000)
  to   space 19968K, 0% used [0x00000000fb200000,0x00000000fb200000,0x00000000fc580000)
 ParOldGen       total 105984K, used 41334K [0x00000000e0000000, 0x00000000e6780000, 0x00000000f5580000)
  object space 105984K, 39% used [0x00000000e0000000,0x00000000e285d9b0,0x00000000e6780000)
 Metaspace       used 81474K, capacity 87474K, committed 87768K, reserved 1124352K
  class space    used 10096K, capacity 11943K, committed 11992K, reserved 1048576K

Card table byte_map: [0x0000000011b50000,0x0000000011c60000] byte_map_base: 0x0000000011450000

Marking Bits: (ParMarkBitMap*) 0x0000000077f7d490
 Begin Bits: [0x0000000012110000, 0x0000000012910000)
 End Bits:   [0x0000000012910000, 0x0000000013110000)

Polling page: 0x0000000000550000

CodeCache: size=245760Kb used=33287Kb max_used=33479Kb free=212472Kb
 bounds [0x0000000002790000, 0x0000000004880000, 0x0000000011790000]
 total_blobs=10234 nmethods=9388 adapters=754
 compilation: enabled

Compilation events (10 events):
Event: 150.838 Thread 0x0000000013bb7800 nmethod 11542 0x0000000003c34cd0 code [0x0000000003c34e20, 0x0000000003c34f90]
Event: 150.839 Thread 0x0000000013bb7800 11541       1       org.eclipse.osgi.internal.loader.BundleLoaderProxy::getBasicBundleLoader (5 bytes)
Event: 150.839 Thread 0x0000000013bb7800 nmethod 11541 0x0000000003d2d310 code [0x0000000003d2d460, 0x0000000003d2d570]
Event: 150.840 Thread 0x0000000013bb7800 11543       1       org.eclipse.osgi.internal.loader.BundleLoaderProxy::getBundleData (5 bytes)
Event: 150.840 Thread 0x0000000013bb7800 nmethod 11543 0x0000000003c7a590 code [0x0000000003c7a6e0, 0x0000000003c7a7f0]
Event: 150.876 Thread 0x0000000013bb7800 11544   !   3       org.eclipse.osgi.internal.baseadaptor.BaseStorage::compact (215 bytes)
Event: 150.878 Thread 0x0000000013bb7800 nmethod 11544 0x0000000003e65d10 code [0x0000000003e66140, 0x0000000003e685a8]
Event: 150.880 Thread 0x0000000013bb2800 nmethod 11524 0x00000000044de810 code [0x00000000044dec60, 0x00000000044e21f8]
Event: 150.882 Thread 0x0000000013bb7800 11545       3       org.eclipse.osgi.framework.internal.core.AbstractBundle::close (52 bytes)
Event: 150.882 Thread 0x0000000013bb7800 nmethod 11545 0x0000000002987610 code [0x0000000002987840, 0x0000000002988528]

GC Heap History (10 events):
Event: 56.670 GC heap before
{Heap before GC invocations=18 (full 3):
 PSYoungGen      total 93696K, used 88165K [0x00000000f5580000, 0x00000000fc880000, 0x0000000100000000)
  eden space 74240K, 100% used [0x00000000f5580000,0x00000000f9e00000,0x00000000f9e00000)
  from space 19456K, 71% used [0x00000000fb180000,0x00000000fbf19468,0x00000000fc480000)
  to   space 19968K, 0% used [0x00000000f9e00000,0x00000000f9e00000,0x00000000fb180000)
 ParOldGen       total 105984K, used 29211K [0x00000000e0000000, 0x00000000e6780000, 0x00000000f5580000)
  object space 105984K, 27% used [0x00000000e0000000,0x00000000e1c86e68,0x00000000e6780000)
 Metaspace       used 71524K, capacity 76718K, committed 76760K, reserved 1116160K
  class space    used 8811K, capacity 10454K, committed 10456K, reserved 1048576K
Event: 56.681 GC heap after
Heap after GC invocations=18 (full 3):
 PSYoungGen      total 94208K, used 14854K [0x00000000f5580000, 0x00000000fd380000, 0x0000000100000000)
  eden space 74240K, 0% used [0x00000000f5580000,0x00000000f5580000,0x00000000f9e00000)
  from space 19968K, 74% used [0x00000000f9e00000,0x00000000fac818c0,0x00000000fb180000)
  to   space 20480K, 0% used [0x00000000fbf80000,0x00000000fbf80000,0x00000000fd380000)
 ParOldGen       total 105984K, used 29219K [0x00000000e0000000, 0x00000000e6780000, 0x00000000f5580000)
  object space 105984K, 27% used [0x00000000e0000000,0x00000000e1c88e68,0x00000000e6780000)
 Metaspace       used 71524K, capacity 76718K, committed 76760K, reserved 1116160K
  class space    used 8811K, capacity 10454K, committed 10456K, reserved 1048576K
}
Event: 71.063 GC heap before
{Heap before GC invocations=19 (full 3):
 PSYoungGen      total 94208K, used 60307K [0x00000000f5580000, 0x00000000fd380000, 0x0000000100000000)
  eden space 74240K, 61% used [0x00000000f5580000,0x00000000f81e3388,0x00000000f9e00000)
  from space 19968K, 74% used [0x00000000f9e00000,0x00000000fac818c0,0x00000000fb180000)
  to   space 20480K, 0% used [0x00000000fbf80000,0x00000000fbf80000,0x00000000fd380000)
 ParOldGen       total 105984K, used 29219K [0x00000000e0000000, 0x00000000e6780000, 0x00000000f5580000)
  object space 105984K, 27% used [0x00000000e0000000,0x00000000e1c88e68,0x00000000e6780000)
 Metaspace       used 72762K, capacity 77934K, committed 78040K, reserved 1116160K
  class space    used 8970K, capacity 10658K, committed 10712K, reserved 1048576K
Event: 71.095 GC heap after
Heap after GC invocations=19 (full 3):
 PSYoungGen      total 108032K, used 15511K [0x00000000f5580000, 0x00000000fd480000, 0x0000000100000000)
  eden space 87552K, 0% used [0x00000000f5580000,0x00000000f5580000,0x00000000fab00000)
  from space 20480K, 75% used [0x00000000fbf80000,0x00000000fcea5e88,0x00000000fd380000)
  to   space 20992K, 0% used [0x00000000fab00000,0x00000000fab00000,0x00000000fbf80000)
 ParOldGen       total 105984K, used 29227K [0x00000000e0000000, 0x00000000e6780000, 0x00000000f5580000)
  object space 105984K, 27% used [0x00000000e0000000,0x00000000e1c8ae68,0x00000000e6780000)
 Metaspace       used 72762K, capacity 77934K, committed 78040K, reserved 1116160K
  class space    used 8970K, capacity 10658K, committed 10712K, reserved 1048576K
}
Event: 71.095 GC heap before
{Heap before GC invocations=20 (full 4):
 PSYoungGen      total 108032K, used 15511K [0x00000000f5580000, 0x00000000fd480000, 0x0000000100000000)
  eden space 87552K, 0% used [0x00000000f5580000,0x00000000f5580000,0x00000000fab00000)
  from space 20480K, 75% used [0x00000000fbf80000,0x00000000fcea5e88,0x00000000fd380000)
  to   space 20992K, 0% used [0x00000000fab00000,0x00000000fab00000,0x00000000fbf80000)
 ParOldGen       total 105984K, used 29227K [0x00000000e0000000, 0x00000000e6780000, 0x00000000f5580000)
  object space 105984K, 27% used [0x00000000e0000000,0x00000000e1c8ae68,0x00000000e6780000)
 Metaspace       used 72762K, capacity 77934K, committed 78040K, reserved 1116160K
  class space    used 8970K, capacity 10658K, committed 10712K, reserved 1048576K
Event: 71.322 GC heap after
Heap after GC invocations=20 (full 4):
 PSYoungGen      total 108032K, used 0K [0x00000000f5580000, 0x00000000fd480000, 0x0000000100000000)
  eden space 87552K, 0% used [0x00000000f5580000,0x00000000f5580000,0x00000000fab00000)
  from space 20480K, 0% used [0x00000000fbf80000,0x00000000fbf80000,0x00000000fd380000)
  to   space 20992K, 0% used [0x00000000fab00000,0x00000000fab00000,0x00000000fbf80000)
 ParOldGen       total 105984K, used 41307K [0x00000000e0000000, 0x00000000e6780000, 0x00000000f5580000)
  object space 105984K, 38% used [0x00000000e0000000,0x00000000e2856d60,0x00000000e6780000)
 Metaspace       used 72762K, capacity 77934K, committed 78040K, reserved 1116160K
  class space    used 8970K, capacity 10658K, committed 10712K, reserved 1048576K
}
Event: 97.240 GC heap before
{Heap before GC invocations=21 (full 4):
 PSYoungGen      total 108032K, used 87552K [0x00000000f5580000, 0x00000000fd480000, 0x0000000100000000)
  eden space 87552K, 100% used [0x00000000f5580000,0x00000000fab00000,0x00000000fab00000)
  from space 20480K, 0% used [0x00000000fbf80000,0x00000000fbf80000,0x00000000fd380000)
  to   space 20992K, 0% used [0x00000000fab00000,0x00000000fab00000,0x00000000fbf80000)
 ParOldGen       total 105984K, used 41307K [0x00000000e0000000, 0x00000000e6780000, 0x00000000f5580000)
  object space 105984K, 38% used [0x00000000e0000000,0x00000000e2856d60,0x00000000e6780000)
 Metaspace       used 76426K, capacity 81600K, committed 81880K, reserved 1120256K
  class space    used 9479K, capacity 11171K, committed 11224K, reserved 1048576K
Event: 97.250 GC heap after
Heap after GC invocations=21 (full 4):
 PSYoungGen      total 108544K, used 8234K [0x00000000f5580000, 0x00000000fe000000, 0x0000000100000000)
  eden space 87552K, 0% used [0x00000000f5580000,0x00000000f5580000,0x00000000fab00000)
  from space 20992K, 39% used [0x00000000fab00000,0x00000000fb30a808,0x00000000fbf80000)
  to   space 20480K, 0% used [0x00000000fcc00000,0x00000000fcc00000,0x00000000fe000000)
 ParOldGen       total 105984K, used 41315K [0x00000000e0000000, 0x00000000e6780000, 0x00000000f5580000)
  object space 105984K, 38% used [0x00000000e0000000,0x00000000e2858d60,0x00000000e6780000)
 Metaspace       used 76426K, capacity 81600K, committed 81880K, reserved 1120256K
  class space    used 9479K, capacity 11171K, committed 11224K, reserved 1048576K
}
Event: 128.774 GC heap before
{Heap before GC invocations=22 (full 4):
 PSYoungGen      total 108544K, used 95786K [0x00000000f5580000, 0x00000000fe000000, 0x0000000100000000)
  eden space 87552K, 100% used [0x00000000f5580000,0x00000000fab00000,0x00000000fab00000)
  from space 20992K, 39% used [0x00000000fab00000,0x00000000fb30a808,0x00000000fbf80000)
  to   space 20480K, 0% used [0x00000000fcc00000,0x00000000fcc00000,0x00000000fe000000)
 ParOldGen       total 105984K, used 41315K [0x00000000e0000000, 0x00000000e6780000, 0x00000000f5580000)
  object space 105984K, 38% used [0x00000000e0000000,0x00000000e2858d60,0x00000000e6780000)
 Metaspace       used 78419K, capacity 84268K, committed 84568K, reserved 1122304K
  class space    used 9743K, capacity 11497K, committed 11608K, reserved 1048576K
Event: 128.787 GC heap after
Heap after GC invocations=22 (full 4):
 PSYoungGen      total 108032K, used 12503K [0x00000000f5580000, 0x00000000fd900000, 0x0000000100000000)
  eden space 94720K, 0% used [0x00000000f5580000,0x00000000f5580000,0x00000000fb200000)
  from space 13312K, 93% used [0x00000000fcc00000,0x00000000fd835f78,0x00000000fd900000)
  to   space 19968K, 0% used [0x00000000fb200000,0x00000000fb200000,0x00000000fc580000)
 ParOldGen       total 105984K, used 41334K [0x00000000e0000000, 0x00000000e6780000, 0x00000000f5580000)
  object space 105984K, 39% used [0x00000000e0000000,0x00000000e285d9b0,0x00000000e6780000)
 Metaspace       used 78419K, capacity 84268K, committed 84568K, reserved 1122304K
  class space    used 9743K, capacity 11497K, committed 11608K, reserved 1048576K
}

Deoptimization events (10 events):
Event: 149.807 Thread 0x000000000278e000 Uncommon trap: reason=unreached action=reinterpret pc=0x00000000028c2b1c method=org.eclipse.e4.ui.internal.workbench.swt.PartRenderingEngine.someAreVisible(Ljava/util/List;)Z @ 41
Event: 149.822 Thread 0x000000000278e000 Uncommon trap: reason=unreached action=reinterpret pc=0x00000000047cba54 method=org.eclipse.e4.ui.model.application.impl.ApplicationElementImpl.eIsSet(I)Z @ 132
Event: 149.823 Thread 0x000000000278e000 Uncommon trap: reason=unreached action=reinterpret pc=0x00000000042d3b00 method=org.eclipse.e4.ui.model.application.impl.ApplicationElementImpl.eIsSet(I)Z @ 132
Event: 149.873 Thread 0x000000000278e000 Uncommon trap: reason=class_check action=maybe_recompile pc=0x00000000046d49ec method=org.eclipse.e4.core.internal.contexts.TrackableComputationExt.update(Lorg/eclipse/e4/core/internal/contexts/ContextChangeEvent;)Z @ 62
Event: 149.873 Thread 0x000000000278e000 Uncommon trap: reason=class_check action=maybe_recompile pc=0x00000000046d49ec method=org.eclipse.e4.core.internal.contexts.TrackableComputationExt.update(Lorg/eclipse/e4/core/internal/contexts/ContextChangeEvent;)Z @ 62
Event: 149.873 Thread 0x000000000278e000 Uncommon trap: reason=class_check action=maybe_recompile pc=0x00000000046d49ec method=org.eclipse.e4.core.internal.contexts.TrackableComputationExt.update(Lorg/eclipse/e4/core/internal/contexts/ContextChangeEvent;)Z @ 62
Event: 150.242 Thread 0x000000000278e000 Uncommon trap: reason=null_check action=make_not_entrant pc=0x000000000315c0d8 method=org.eclipse.core.runtime.internal.adaptor.EclipseLazyStarter.shouldActivateFor(Ljava/lang/String;Lorg/eclipse/osgi/baseadaptor/BaseData;Lorg/eclipse/core/runtime/internal^(1×|Ùb@
Event: 150.796 Thread 0x000000000278e000 Uncommon trap: reason=null_check action=maybe_recompile pc=0x0000000004282334 method=com.xilinx.sdk.targetmanager.internal.json.XMDJSONProcess.issueCommand(Ljava/lang/String;)Lcom/xilinx/sdk/targetmanager/internal/IXMDResult; @ 3
Event: 150.835 Thread 0x000000000278e000 Uncommon trap: reason=unreached action=reinterpret pc=0x0000000002b1fe9c method=java.lang.ref.ReferenceQueue.poll()Ljava/lang/ref/Reference; @ 4
Event: 150.883 Thread 0x0000000016db1800 Uncommon trap: reason=predicate action=maybe_recompile pc=0x000000000356cb3c method=java.util.concurrent.CopyOnWriteArrayList.indexOf(Ljava/lang/Object;[Ljava/lang/Object;II)I @ 41

Internal exceptions (10 events):
Event: 148.719 Thread 0x000000000278e000 Exception <a 'java/io/IOException'> (0x00000000f8e16ba8) thrown at [D:\re\workspace\8-2-build-windows-amd64-cygwin\jdk8u25\1677\hotspot\src\share\vm\prims\jni.cpp, line 716]
Event: 149.582 Thread 0x000000000278e000 Implicit null exception at 0x0000000004302a4c to 0x0000000004302aa9
Event: 149.715 Thread 0x000000000278e000 Implicit null exception at 0x0000000003f9c149 to 0x0000000003f9c49d
Event: 150.235 Thread 0x0000000016dad800 Exception <a 'java/lang/InterruptedException'> (0x00000000fa0ee6c0) thrown at [D:\re\workspace\8-2-build-windows-amd64-cygwin\jdk8u25\1677\hotspot\src\share\vm\runtime\objectMonitor.cpp, line 1682]
Event: 150.242 Thread 0x000000000278e000 Implicit null exception at 0x000000000315b5b7 to 0x000000000315c0cd
Event: 150.797 Thread 0x000000000278e000 Exception <a 'java/lang/NullPointerException'> (0x00000000fa268488) thrown at [D:\re\workspace\8-2-build-windows-amd64-cygwin\jdk8u25\1677\hotspot\src\share\vm\prims\jvm.cpp, line 1316]
Event: 150.842 Thread 0x0000000015d50000 Exception <a 'java/lang/InterruptedException': sleep interrupted> (0x00000000fa413e00) thrown at [D:\re\workspace\8-2-build-windows-amd64-cygwin\jdk8u25\1677\hotspot\src\share\vm\prims\jvm.cpp, line 3141]
Event: 150.843 Thread 0x0000000016931800 Exception <a 'java/lang/InterruptedException'> (0x00000000fa500a78) thrown at [D:\re\workspace\8-2-build-windows-amd64-cygwin\jdk8u25\1677\hotspot\src\share\vm\runtime\objectMonitor.cpp, line 1682]
Event: 150.843 Thread 0x0000000015d7b800 Exception <a 'java/lang/InterruptedException'> (0x00000000fa510eb8) thrown at [D:\re\workspace\8-2-build-windows-amd64-cygwin\jdk8u25\1677\hotspot\src\share\vm\runtime\objectMonitor.cpp, line 1682]
Event: 150.882 Thread 0x00000000162fe000 Exception <a 'java/lang/InterruptedException'> (0x00000000fa4130e8) thrown at [D:\re\workspace\8-2-build-windows-amd64-cygwin\jdk8u25\1677\hotspot\src\share\vm\runtime\objectMonitor.cpp, line 1682]

Events (10 events):
Event: 150.883 Thread 0x0000000016db1800 Uncommon trap: trap_request=0xffffff86 fr.pc=0x000000000356cb3c
Event: 150.883 Thread 0x0000000016db1800 DEOPT PACKING pc=0x000000000356cb3c sp=0x000000002dd0f620
Event: 150.883 Thread 0x0000000016db1800 DEOPT UNPACKING pc=0x00000000027d556a sp=0x000000002dd0f5d8 mode 2
Event: 150.883 Executing VM operation: RevokeBias
Event: 150.883 Executing VM operation: RevokeBias done
Event: 150.883 Executing VM operation: RevokeBias
Event: 150.883 Executing VM operation: RevokeBias done
Event: 150.883 Thread 0x0000000016db1800 Thread exited: 0x0000000016db1800
Event: 150.883 Thread 0x0000000013bb7800 flushing nmethod 0x00000000032ca390
Event: 150.883 Executing VM operation: Exit


Dynamic libraries:
0x0000000000400000 - 0x000000000044f000 	C:\Xilinx\SDK\2015.1\eclipse\win64.o\eclipse.exe
0x00007ff9bd140000 - 0x00007ff9bd301000 	C:\WINDOWS\SYSTEM32\ntdll.dll
0x00007ff9bcee0000 - 0x00007ff9bcf8d000 	C:\WINDOWS\system32\KERNEL32.DLL
0x00007ff9ba180000 - 0x00007ff9ba368000 	C:\WINDOWS\system32\KERNELBASE.dll
0x00007ff9bae90000 - 0x00007ff9bafe6000 	C:\WINDOWS\system32\USER32.dll
0x00007ff9ba600000 - 0x00007ff9ba786000 	C:\WINDOWS\system32\GDI32.dll
0x00007ff9bb340000 - 0x00007ff9bb3dd000 	C:\WINDOWS\system32\msvcrt.dll
0x00007ff9aae10000 - 0x00007ff9ab084000 	C:\WINDOWS\WinSxS\amd64_microsoft.windows.common-controls_6595b64144ccf1df_6.0.10586.589_none_a2ddb3caa539acce\COMCTL32.dll
0x00007ff9bcc60000 - 0x00007ff9bcedd000 	C:\WINDOWS\system32\combase.dll
0x00007ff9bca90000 - 0x00007ff9bcbac000 	C:\WINDOWS\system32\RPCRT4.dll
0x00007ff9b97f0000 - 0x00007ff9b985a000 	C:\WINDOWS\system32\bcryptPrimitives.dll
0x00007ff9baff0000 - 0x00007ff9bb02b000 	C:\WINDOWS\system32\IMM32.DLL
0x0000000072000000 - 0x0000000072012000 	C:\Xilinx\SDK\2015.1\eclipse\win64.o\plugins\org.eclipse.equinox.launcher.win32.win32.x86_64_1.1.200.v20140116-2212\eclipse_1503.dll
0x00007ff9bcbb0000 - 0x00007ff9bcc57000 	C:\WINDOWS\system32\ADVAPI32.dll
0x00007ff9ba900000 - 0x00007ff9ba95b000 	C:\WINDOWS\system32\sechost.dll
0x00007ff9afb10000 - 0x00007ff9afb1a000 	C:\WINDOWS\SYSTEM32\VERSION.dll
0x00007ff9b80e0000 - 0x00007ff9b8176000 	C:\WINDOWS\system32\uxtheme.dll
0x00007ff9bb030000 - 0x00007ff9bb18a000 	C:\WINDOWS\system32\MSCTF.dll
0x00000000777a0000 - 0x0000000077ffa000 	C:\Xilinx\SDK\2015.1\tps\win64\jre\bin\server\jvm.dll
0x00007ff9bad90000 - 0x00007ff9bad98000 	C:\WINDOWS\system32\PSAPI.DLL
0x00007ff9afa90000 - 0x00007ff9afa99000 	C:\WINDOWS\SYSTEM32\WSOCK32.dll
0x00007ff9b7f10000 - 0x00007ff9b7f33000 	C:\WINDOWS\SYSTEM32\WINMM.dll
0x0000000050360000 - 0x0000000050432000 	C:\WINDOWS\SYSTEM32\MSVCR100.dll
0x00007ff9bb450000 - 0x00007ff9bb4bb000 	C:\WINDOWS\system32\WS2_32.dll
0x00007ff9b7eb0000 - 0x00007ff9b7edc000 	C:\WINDOWS\SYSTEM32\WINMMBASE.dll
0x00007ff9ba020000 - 0x00007ff9ba063000 	C:\WINDOWS\system32\cfgmgr32.dll
0x0000000050050000 - 0x000000005005f000 	C:\Xilinx\SDK\2015.1\tps\win64\jre\bin\verify.dll
0x0000000050020000 - 0x0000000050048000 	C:\Xilinx\SDK\2015.1\tps\win64\jre\bin\java.dll
0x0000000050000000 - 0x0000000050016000 	C:\Xilinx\SDK\2015.1\tps\win64\jre\bin\zip.dll
0x00007ff9bb530000 - 0x00007ff9bca8c000 	C:\WINDOWS\system32\SHELL32.dll
0x00007ff9b9860000 - 0x00007ff9b9ea5000 	C:\WINDOWS\system32\windows.storage.dll
0x00007ff9ba8a0000 - 0x00007ff9ba8f2000 	C:\WINDOWS\system32\shlwapi.dll
0x00007ff9b9790000 - 0x00007ff9b979f000 	C:\WINDOWS\system32\kernel.appcore.dll
0x00007ff9b9eb0000 - 0x00007ff9b9f65000 	C:\WINDOWS\system32\shcore.dll
0x00007ff9b97a0000 - 0x00007ff9b97eb000 	C:\WINDOWS\system32\powrprof.dll
0x00007ff9b9760000 - 0x00007ff9b9774000 	C:\WINDOWS\system32\profapi.dll
0x00007ff9b90e0000 - 0x00007ff9b90f7000 	C:\WINDOWS\SYSTEM32\CRYPTSP.dll
0x00007ff9b8d70000 - 0x00007ff9b8da4000 	C:\WINDOWS\system32\rsaenh.dll
0x00007ff9b9690000 - 0x00007ff9b96b9000 	C:\WINDOWS\SYSTEM32\bcrypt.dll
0x00007ff9b8ec0000 - 0x00007ff9b8edf000 	C:\WINDOWS\SYSTEM32\USERENV.dll
0x00007ff9b9200000 - 0x00007ff9b920b000 	C:\WINDOWS\SYSTEM32\CRYPTBASE.dll
0x0000000077650000 - 0x000000007766a000 	C:\Xilinx\SDK\2015.1\tps\win64\jre\bin\net.dll
0x00007ff9b9030000 - 0x00007ff9b908c000 	C:\WINDOWS\system32\mswsock.dll
0x00007ff9b6810000 - 0x00007ff9b6848000 	C:\WINDOWS\SYSTEM32\IPHLPAPI.DLL
0x00007ff9bb4c0000 - 0x00007ff9bb4c8000 	C:\WINDOWS\system32\NSI.dll
0x00007ff9b5cc0000 - 0x00007ff9b5cd6000 	C:\WINDOWS\SYSTEM32\dhcpcsvc6.DLL
0x00007ff9b5c50000 - 0x00007ff9b5c6a000 	C:\WINDOWS\SYSTEM32\dhcpcsvc.DLL
0x0000000077630000 - 0x0000000077641000 	C:\Xilinx\SDK\2015.1\tps\win64\jre\bin\nio.dll
0x00007ff9af580000 - 0x00007ff9af596000 	C:\WINDOWS\system32\napinsp.dll
0x00007ff9af5a0000 - 0x00007ff9af5ba000 	C:\WINDOWS\system32\pnrpnsp.dll
0x00007ff9b7cf0000 - 0x00007ff9b7d08000 	C:\WINDOWS\system32\NLAapi.dll
0x00007ff9b8180000 - 0x00007ff9b822a000 	C:\WINDOWS\SYSTEM32\DNSAPI.dll
0x00007ff9af5c0000 - 0x00007ff9af5cd000 	C:\WINDOWS\System32\winrnr.dll
0x00007ff9b0f10000 - 0x00007ff9b0f1a000 	C:\Windows\System32\rasadhlp.dll
0x00007ff9b5ac0000 - 0x00007ff9b5b27000 	C:\WINDOWS\System32\fwpuclnt.dll
0x00000000182d0000 - 0x0000000018378000 	C:\Users\S143322\.Xilinx\SDK\2015.1\org.eclipse.osgi\bundles\288\1\.cp\swt-win32-4335.dll
0x00007ff9bb190000 - 0x00007ff9bb2d3000 	C:\WINDOWS\system32\ole32.dll
0x00007ff9badc0000 - 0x00007ff9bae86000 	C:\WINDOWS\system32\OLEAUT32.dll
0x00007ff9ba790000 - 0x00007ff9ba89b000 	C:\WINDOWS\system32\comdlg32.dll
0x00007ff9b9f70000 - 0x00007ff9b9ff6000 	C:\WINDOWS\system32\FirewallAPI.dll
0x00007ff9ba000000 - 0x00007ff9ba017000 	C:\WINDOWS\system32\NETAPI32.dll
0x00007ff9ba370000 - 0x00007ff9ba538000 	C:\WINDOWS\system32\CRYPT32.dll
0x00007ff9b9780000 - 0x00007ff9b9790000 	C:\WINDOWS\system32\MSASN1.dll
0x00007ff9b4850000 - 0x00007ff9b48d4000 	C:\WINDOWS\SYSTEM32\WINSPOOL.DRV
0x00007ff9aa2b0000 - 0x00007ff9aa2c8000 	C:\WINDOWS\SYSTEM32\USP10.dll
0x00007ff9affa0000 - 0x00007ff9b0297000 	C:\WINDOWS\SYSTEM32\WININET.dll
0x00007ff9a63a0000 - 0x00007ff9a63ac000 	C:\WINDOWS\SYSTEM32\DAVHLPR.DLL
0x00007ff9b84e0000 - 0x00007ff9b8512000 	C:\WINDOWS\SYSTEM32\fwbase.dll
0x00007ff9b7240000 - 0x00007ff9b7262000 	C:\WINDOWS\system32\dwmapi.dll
0x00007ff9b60c0000 - 0x00007ff9b6246000 	C:\WINDOWS\SYSTEM32\propsys.dll
0x00007ff9ba540000 - 0x00007ff9ba5e7000 	C:\WINDOWS\system32\clbcatq.dll
0x0000000002750000 - 0x000000000276e000 	C:\Users\S143322\.Xilinx\SDK\2015.1\org.eclipse.osgi\bundles\288\1\.cp\swt-gdip-win32-4335.dll
0x00007ff997d20000 - 0x00007ff997ec8000 	C:\WINDOWS\WinSxS\amd64_microsoft.windows.gdiplus_6595b64144ccf1df_1.1.10586.633_none_d3c2a78dffd18a24\gdiplus.dll
0x00007ff9b6630000 - 0x00007ff9b67e1000 	C:\WINDOWS\SYSTEM32\WindowsCodecs.dll
0x0000000180000000 - 0x0000000180012000 	C:\Users\S143322\.Xilinx\SDK\2015.1\org.eclipse.osgi\bundles\114\1\.cp\os\win32\x86_64\localfile_1_0_0.dll
0x00007ff9aa290000 - 0x00007ff9aa2a1000 	C:\Users\S143322\.Xilinx\SDK\2015.1\org.eclipse.osgi\bundles\117\1\.cp\jWinHttp-1.0.0.dll
0x00007ff9b6850000 - 0x00007ff9b6918000 	C:\WINDOWS\SYSTEM32\WINHTTP.dll
0x00007ff99c610000 - 0x00007ff99c67a000 	C:\WINDOWS\SYSTEM32\oleacc.dll
0x00007ff9ab810000 - 0x00007ff9ab820000 	C:\Xilinx\SDK\2015.1\lib\win64.o\librdi_repo_manager.dll
0x00007ff9a8da0000 - 0x00007ff9a8dca000 	C:\Xilinx\SDK\2015.1\lib\win64.o\libisl_sysinfo.dll
0x00007ff971ba0000 - 0x00007ff9724e4000 	C:\Xilinx\SDK\2015.1\lib\win64.o\librdi_common.dll
0x00007ff9a8d40000 - 0x00007ff9a8d96000 	C:\Xilinx\SDK\2015.1\lib\win64.o\librdi_commonxillic.dll
0x00007ff9a1c30000 - 0x00007ff9a1e04000 	C:\Xilinx\SDK\2015.1\lib\win64.o\librdi_hsm.dll
0x00007ff9a9480000 - 0x00007ff9a9527000 	C:\WINDOWS\SYSTEM32\MSVCP110.dll
0x00007ff9a1200000 - 0x00007ff9a12d4000 	C:\WINDOWS\SYSTEM32\MSVCR110.dll
0x00007ff9734f0000 - 0x00007ff973798000 	C:\Xilinx\SDK\2015.1\lib\win64.o\libCOIN-all.dll
0x00007ff971980000 - 0x00007ff971ba0000 	C:\Xilinx\SDK\2015.1\lib\win64.o\libXil_lmgr11.dll
0x00007ff9aabb0000 - 0x00007ff9aabc0000 	C:\Xilinx\SDK\2015.1\lib\win64.o\libboost_date_time.dll
0x00007ff9ba070000 - 0x00007ff9ba0c5000 	C:\WINDOWS\system32\WINTRUST.dll
0x00007ff9a8d10000 - 0x00007ff9a8d32000 	C:\Xilinx\SDK\2015.1\lib\win64.o\libboost_filesystem.dll
0x00007ff9a8c90000 - 0x00007ff9a8d04000 	C:\Xilinx\SDK\2015.1\lib\win64.o\libboost_program_options.dll
0x00007ff9a6100000 - 0x00007ff9a6113000 	C:\Xilinx\SDK\2015.1\lib\win64.o\libboost_signals.dll
0x00007ff9aa780000 - 0x00007ff9aa789000 	C:\Xilinx\SDK\2015.1\lib\win64.o\libboost_system.dll
0x00007ff99e6b0000 - 0x00007ff99e730000 	C:\Xilinx\SDK\2015.1\lib\win64.o\libhdlpsolve.dll
0x00007ff99d1f0000 - 0x00007ff99d28a000 	C:\Xilinx\SDK\2015.1\lib\win64.o\libhdxml.dll
0x00007ff9707f0000 - 0x00007ff970dfa200 	C:\Xilinx\SDK\2015.1\lib\win64.o\libisl_iostreams.dll
0x00007ff9a5120000 - 0x00007ff9a5143000 	C:\Xilinx\SDK\2015.1\lib\win64.o\libisl_iosutils.dll
0x00007ff9a5e80000 - 0x00007ff9a5e95000 	C:\Xilinx\SDK\2015.1\lib\win64.o\pthreadVC2.dll
0x00007ff996b90000 - 0x00007ff996cc0000 	C:\Xilinx\SDK\2015.1\lib\win64.o\librdi_curl.dll
0x00007ff9a5600000 - 0x00007ff9a5618000 	C:\Xilinx\SDK\2015.1\lib\win64.o\librdiconfig.dll
0x00007ff9a50f0000 - 0x00007ff9a5113000 	C:\Xilinx\SDK\2015.1\lib\win64.o\librdizlib.dll
0x0000000077670000 - 0x0000000077797000 	C:\Xilinx\SDK\2015.1\lib\win64.o\tcl85t.dll
0x00007ff9abf40000 - 0x00007ff9ac0f7000 	C:\WINDOWS\SYSTEM32\urlmon.dll
0x0000000021450000 - 0x00000000216b3000 	C:\Xilinx\SDK\2015.1\lib\win64.o\xerces-c_3_1.dll
0x00007ff9a9190000 - 0x00007ff9a91b3000 	C:\WINDOWS\SYSTEM32\VCOMP110.DLL
0x00007ff990270000 - 0x00007ff99036a000 	C:\Xilinx\SDK\2015.1\lib\win64.o\libboost_regex.dll
0x00007ff9a2020000 - 0x00007ff9a205e000 	C:\Xilinx\SDK\2015.1\lib\win64.o\librdi_hdf.dll
0x00007ff970630000 - 0x00007ff9707ea000 	C:\Xilinx\SDK\2015.1\lib\win64.o\librdi_ippcw.dll
0x00007ff9a54d0000 - 0x00007ff9a54e6000 	C:\Xilinx\SDK\2015.1\lib\win64.o\libboost_iostreams.dll
0x00007ff9aca90000 - 0x00007ff9ace18000 	C:\WINDOWS\SYSTEM32\iertutil.dll
0x00007ff9a2000000 - 0x00007ff9a201d000 	C:\Xilinx\SDK\2015.1\lib\win64.o\libboost_thread.dll
0x00007ff9aa4e0000 - 0x00007ff9aa4eb000 	C:\Xilinx\SDK\2015.1\lib\win64.o\libboost_chrono.dll
0x00007ff9aa470000 - 0x00007ff9aa477000 	C:\WINDOWS\SYSTEM32\msimg32.dll
0x00007ff9a1060000 - 0x00007ff9a107c000 	C:\Xilinx\SDK\2015.1\lib\win64.o\librdi_hw_platform.dll
0x00007ff9aaac0000 - 0x00007ff9aab10000 	C:\WINDOWS\SYSTEM32\edputil.dll
0x00007ff96fec0000 - 0x00007ff9702ca000 	C:\Xilinx\SDK\2015.1\lib\win64.o\librdi_commontasks.dll
0x00007ff96f6b0000 - 0x00007ff96fec0000 	C:\Xilinx\SDK\2015.1\lib\win64.o\libXil_lmgr11FNP.dll
0x00007ff9ba960000 - 0x00007ff9bad89000 	C:\WINDOWS\system32\SETUPAPI.dll
0x00007ff9a8710000 - 0x00007ff9a871c000 	C:\WINDOWS\SYSTEM32\snmpapi.dll
0x00007ff9b93e0000 - 0x00007ff9b940d000 	C:\WINDOWS\SYSTEM32\SspiCli.dll
0x00007ff9b8230000 - 0x00007ff9b8257000 	C:\WINDOWS\SYSTEM32\DEVOBJ.dll
0x00007ff9b5e70000 - 0x00007ff9b5e7b000 	C:\WINDOWS\SYSTEM32\WINNSI.DLL
0x000000001b320000 - 0x000000001b323000 	C:\WINDOWS\SYSTEM32\icmp.Dll
0x00007ff96f310000 - 0x00007ff96f6a5000 	C:\Xilinx\SDK\2015.1\lib\win64.o\librdi_hsmtasks.dll
0x00007ff9aa010000 - 0x00007ff9aa01f000 	C:\Xilinx\SDK\2015.1\lib\win64.o\librdi_swdb.dll
0x00007ff9a9f80000 - 0x00007ff9a9f8c000 	C:\Xilinx\SDK\2015.1\lib\win64.o\librdi_app_gen.dll
0x00007ff9b0ce0000 - 0x00007ff9b0cfb000 	C:\Xilinx\SDK\2015.1\lib\win64.o\librdi_sw_platform.dll
0x00007ff9b8c50000 - 0x00007ff9b8c81000 	C:\WINDOWS\SYSTEM32\ntmarta.dll

VM Arguments:
jvm_args: -Dcom.xilinx.sdk.args.hwspec=C:/Users/S143322/Digital_watch/digital_watch.sdk/zynq_interrupt_system_wrapper.hdf -Xms64m -Xmx512m & 
java_command: <unknown>
java_class_path (initial): C:\Xilinx\SDK\2015.1\eclipse\win64.o\\plugins/org.eclipse.equinox.launcher_1.3.0.v20130327-1440.jar
Launcher Type: generic

Environment Variables:
PATH=C:/Xilinx/SDK/2015.1/tps/win64/jre/bin/server;C:/Xilinx/SDK/2015.1/tps/win64/jre/bin;C:/Xilinx/SDK/2015.1/tps/win64/jre/lib/amd64;\C:\Xilinx\SDK\2015.1\tps\win64\jre\bin;C:\Xilinx\SDK\2015.1\tps\win64\jre\bin;C:\Xilinx\SDK\2015.1\gnuwin\bin;C:\Xilinx\SDK\2015.1\bin;C:\Xilinx\SDK\2015.1\gnu\microblaze\nt\bin;C:\Xilinx\SDK\2015.1\gnu\microblaze\linux_toolchain\nt64_le\bin;C:\Xilinx\SDK\2015.1\gnu\microblaze\linux_toolchain\nt64_be\bin;C:\Xilinx\SDK\2015.1\gnu\arm\nt\bin;C:\Xilinx\SDK\2015.1\gnu\aarch64\nt\aarch64-none\bin;C:\Xilinx\SDK\2015.1\gnu\aarch64\nt\aarch64-linux\bin;C:\Xilinx\SDK\2015.1\gnu\armr5\nt\gcc-arm-none-eabi\bin;;C:/Xilinx/SDK/2015.1/bin;C:/Xilinx/SDK/2015.1/lib/win64.o;C:/Xilinx/SDK/2015.1/tps/win64/jre/bin/server;C:/Xilinx/SDK/2015.1/tps/win64/jre/bin;C:/Xilinx/SDK/2015.1/bin;C:/Xilinx/SDK/2015.1/bin;C:/Xilinx/Vivado/2015.1/ids_lite/ISE/bin/nt64;C:/Xilinx/Vivado/2015.1/ids_lite/ISE/lib/nt64;C:/Xilinx/Vivado/2015.1/bin;C:/Xilinx/Vivado/2015.1/lib/win64.o;C:/Xilinx/Vivado/2015.1/tps/win64/jre/bin/server;C:/Xilinx/Vivado/2015.1/tps/win64/jre/bin;C:/Xilinx/SDK/2015.1/bin;C:/Xilinx/Vivado/2015.1/ids_lite/ISE/bin/nt64;C:/Xilinx/Vivado/2015.1/ids_lite/ISE/lib/nt64;C:/Xilinx/Vivado_HLS/2015.1/bin;C:\gurobi650\win64\bin\;C:\ProgramData\Oracle\Java\javapath;C:\WINDOWS\system32;C:\WINDOWS;C:\WINDOWS\System32\Wbem;C:\WINDOWS\System32\WindowsPowerShell\v1.0\;C:\WINDOWS\CCM;C:\WINDOWS\CCM;C:\WINDOWS\CCM;C:\WINDOWS\CCM;C:\WINDOWS\CCM;C:\WINDOWS\CCM;C:\Program Files\Matlab R2016a\runtime\win64;C:\Program Files\Matlab R2016a\bin;C:\Program Files\Matlab R2014b\runtime\win64;C:\Program Files\Matlab R2014b\bin;M:\Commands;C:\Users\S143322\Digital_watch;
USERNAME=S143322
OS=Windows_NT
PROCESSOR_IDENTIFIER=Intel64 Family 6 Model 60 Stepping 3, GenuineIntel



---------------  S Y S T E M  ---------------

OS: Windows 8 , 64 bit Build 9200 

CPU:total 4 (4 cores per cpu, 1 threads per core) family 6 model 60 stepping 3, cmov, cx8, fxsr, mmx, sse, sse2, sse3, ssse3, sse4.1, sse4.2, popcnt, avx, avx2, aes, clmul, erms, lzcnt, tsc, tscinvbit, bmi1, bmi2

Memory: 4k page, physical 8294504k(4918004k free), swap 9605224k(5525748k free)

vm_info: Java HotSpot(TM) 64-Bit Server VM (25.25-b02) for windows-amd64 JRE (1.8.0_25-b18), built on Oct  7 2014 14:25:37 by "java_re" with MS VC++ 10.0 (VS2010)

time: Wed Oct 26 17:02:36 2016
elapsed time: 151 seconds (0d 0h 2m 31s)

