#-----------------------------------------------------------
# Vivado v2015.1 (64-bit)
# SW Build 1215546 on Mon Apr 27 19:22:08 MDT 2015
# IP Build 1209967 on Tue Apr 21 11:39:20 MDT 2015
# Start of session at: Wed Oct 26 16:57:08 2016
# Process ID: 5272
# Log file: C:/Users/S143322/Digital_watch/vivado.log
# Journal file: C:/Users/S143322/Digital_watch\vivado.jou
#-----------------------------------------------------------
start_gui
open_project C:/Users/S143322/Digital_watch/digital_watch.xpr
Scanning sources...
Finished scanning sources
INFO: [IP_Flow 19-234] Refreshing IP repositories
INFO: [IP_Flow 19-1704] No user IP repositories specified
INFO: [IP_Flow 19-2313] Loaded Vivado IP repository 'C:/Xilinx/Vivado/2015.1/data/ip'.
open_project: Time (s): cpu = 00:00:11 ; elapsed = 00:00:06 . Memory (MB): peak = 736.047 ; gain = 189.902
launch_sdk -workspace C:/Users/S143322/Digital_watch/digital_watch.sdk -hwspec C:/Users/S143322/Digital_watch/digital_watch.sdk/zynq_interrupt_system_wrapper.hdf
INFO: [Vivado 12-393] Launching SDK...
INFO: [Vivado 12-417] Running xsdk -workspace C:/Users/S143322/Digital_watch/digital_watch.sdk -hwspec C:/Users/S143322/Digital_watch/digital_watch.sdk/zynq_interrupt_system_wrapper.hdf
INFO: [Vivado 12-3157] SDK launch initiated. Please check console for any further messages.
make_wrapper -files [get_files C:/Users/S143322/Digital_watch/digital_watch.srcs/sources_1/bd/zynq_interrupt_system/zynq_interrupt_system.bd] -top
make_wrapper -files [get_files C:/Users/S143322/Digital_watch/digital_watch.srcs/sources_1/bd/zynq_interrupt_system/zynq_interrupt_system.bd] -top
reset_run impl_1 -prev_step 
launch_runs impl_1 -to_step write_bitstream
[Wed Oct 26 16:59:24 2016] Launched impl_1...
Run output will be captured here: C:/Users/S143322/Digital_watch/digital_watch.runs/impl_1/runme.log
file copy -force C:/Users/S143322/Digital_watch/digital_watch.runs/impl_1/zynq_interrupt_system_wrapper.sysdef C:/Users/S143322/Digital_watch/digital_watch.sdk/zynq_interrupt_system_wrapper.hdf

launch_sdk -workspace C:/Users/S143322/Digital_watch/digital_watch.sdk -hwspec C:/Users/S143322/Digital_watch/digital_watch.sdk/zynq_interrupt_system_wrapper.hdf
INFO: [Vivado 12-393] Launching SDK...
INFO: [Vivado 12-417] Running xsdk -workspace C:/Users/S143322/Digital_watch/digital_watch.sdk -hwspec C:/Users/S143322/Digital_watch/digital_watch.sdk/zynq_interrupt_system_wrapper.hdf
INFO: [Vivado 12-3157] SDK launch initiated. Please check console for any further messages.
exit
INFO: [Common 17-206] Exiting Vivado at Wed Oct 26 17:02:38 2016...
