15:28:07 INFO  : Processing command line option -hwspec C:/Users/S143322/Digital_watch/digital_watch.sdk/zynq_interrupt_system_wrapper.hdf.
15:28:13 INFO  : Launching XSDB server: xsdb.bat -s C:/Xilinx/SDK/2015.1/scripts/xsdb/xsdb/xsdb-server.tcl 2450
15:28:14 INFO  : XSDB server has started successfully.
15:41:37 INFO  : Processing command line option -hwspec C:/Users/S143322/Digital_watch/digital_watch.sdk/zynq_interrupt_system_wrapper.hdf.
15:41:38 INFO  : Checking for hwspec changes in the project zynq_interrupt_system_wrapper_hw_platform_0.
15:41:38 INFO  : SDK has detected change in the last modified timestamps for source hardware specification file Source:1477489249609,  Project:1477488316234
15:41:38 INFO  : The hardware specification for project 'zynq_interrupt_system_wrapper_hw_platform_0' is different from C:/Users/S143322/Digital_watch/digital_watch.sdk/zynq_interrupt_system_wrapper.hdf.
15:41:38 INFO  : Copied contents of C:/Users/S143322/Digital_watch/digital_watch.sdk/zynq_interrupt_system_wrapper.hdf into \zynq_interrupt_system_wrapper_hw_platform_0\system.hdf.
15:41:39 INFO  : Launching XSDB server: xsdb.bat -s C:/Xilinx/SDK/2015.1/scripts/xsdb/xsdb/xsdb-server.tcl 2450
15:41:40 INFO  : XSDB server has started successfully.
15:41:41 INFO  : Synchronizing projects in the workspace with the hardware platform specification changes.
15:41:42 INFO  : Clearing existing target manager status.
15:41:42 INFO  : Workspace synchronized with the new hardware specification file. Cleaning dependent projects...
15:50:44 INFO  : Connected to target on host '127.0.0.1' and port '3121'.
15:50:45 INFO  : 'targets -set -filter {jtag_cable_name =~ "Digilent Zybo 210279574435A" && level==0} -index 1' command is executed.
15:50:46 INFO  : FPGA configured successfully with bitstream "C:/Users/S143322/Digital_watch/digital_watch.sdk/zynq_interrupt_system_wrapper_hw_platform_0/zynq_interrupt_system_wrapper.bit"
15:51:17 INFO  : ps7_init is completed.
15:51:17 INFO  : ps7_post_config is completed.
15:51:17 INFO  : Processor reset is completed for ps7_cortexa9_0
15:56:48 INFO  : Connected to target on host '127.0.0.1' and port '3121'.
15:56:48 INFO  : 'targets -set -filter {jtag_cable_name =~ "Digilent Zybo 210279574435A" && level==0} -index 1' command is executed.
15:56:50 INFO  : FPGA configured successfully with bitstream "C:/Users/S143322/Digital_watch/digital_watch.sdk/zynq_interrupt_system_wrapper_hw_platform_0/zynq_interrupt_system_wrapper.bit"
15:56:55 INFO  : ps7_cortexa9_0 Processor is in use. Please stop existing Run or Debug sessions before launching.
15:56:57 INFO  : Processor reset is completed for ps7_cortexa9_0
16:10:39 INFO  : Connected to target on host '127.0.0.1' and port '3121'.
16:10:39 INFO  : 'targets -set -filter {jtag_cable_name =~ "Digilent Zybo 210279574435A" && level==0} -index 1' command is executed.
16:10:40 INFO  : FPGA configured successfully with bitstream "C:/Users/S143322/Digital_watch/digital_watch.sdk/zynq_interrupt_system_wrapper_hw_platform_0/zynq_interrupt_system_wrapper.bit"
16:10:48 INFO  : ps7_init is completed.
16:10:48 INFO  : ps7_post_config is completed.
16:10:48 INFO  : Processor reset is completed for ps7_cortexa9_0
16:11:18 INFO  : Connected to target on host '127.0.0.1' and port '3121'.
16:11:18 INFO  : 'targets -set -filter {jtag_cable_name =~ "Digilent Zybo 210279574435A" && level==0} -index 1' command is executed.
16:11:19 INFO  : FPGA configured successfully with bitstream "C:/Users/S143322/Digital_watch/digital_watch.sdk/zynq_interrupt_system_wrapper_hw_platform_0/zynq_interrupt_system_wrapper.bit"
16:11:25 INFO  : ps7_cortexa9_0 Processor is in use. Please stop existing Run or Debug sessions before launching.
16:11:28 INFO  : Processor reset is completed for ps7_cortexa9_0
16:11:45 INFO  : Connected to target on host '127.0.0.1' and port '3121'.
16:11:45 INFO  : 'targets -set -filter {jtag_cable_name =~ "Digilent Zybo 210279574435A" && level==0} -index 1' command is executed.
16:11:46 INFO  : FPGA configured successfully with bitstream "C:/Users/S143322/Digital_watch/digital_watch.sdk/zynq_interrupt_system_wrapper_hw_platform_0/zynq_interrupt_system_wrapper.bit"
16:11:54 INFO  : ps7_init is completed.
16:11:54 INFO  : ps7_post_config is completed.
16:11:54 INFO  : Processor reset is completed for ps7_cortexa9_0
16:12:39 INFO  : Connected to target on host '127.0.0.1' and port '3121'.
16:12:39 INFO  : 'targets -set -filter {jtag_cable_name =~ "Digilent Zybo 210279574435A" && level==0} -index 1' command is executed.
16:12:40 INFO  : FPGA configured successfully with bitstream "C:/Users/S143322/Digital_watch/digital_watch.sdk/zynq_interrupt_system_wrapper_hw_platform_0/zynq_interrupt_system_wrapper.bit"
16:13:52 INFO  : Connected to target on host '127.0.0.1' and port '3121'.
16:13:52 INFO  : 'targets -set -filter {jtag_cable_name =~ "Digilent Zybo 210279574435A" && level==0} -index 1' command is executed.
16:13:53 INFO  : FPGA configured successfully with bitstream "C:/Users/S143322/Digital_watch/digital_watch.sdk/zynq_interrupt_system_wrapper_hw_platform_0/zynq_interrupt_system_wrapper.bit"
16:13:59 INFO  : ps7_cortexa9_0 Processor is in use. Please stop existing Run or Debug sessions before launching.
16:14:01 INFO  : Processor reset is completed for ps7_cortexa9_0
16:16:35 INFO  : Connected to target on host '127.0.0.1' and port '3121'.
16:16:35 INFO  : 'targets -set -filter {jtag_cable_name =~ "Digilent Zybo 210279574435A" && level==0} -index 1' command is executed.
16:16:37 INFO  : FPGA configured successfully with bitstream "C:/Users/S143322/Digital_watch/digital_watch.sdk/zynq_interrupt_system_wrapper_hw_platform_0/zynq_interrupt_system_wrapper.bit"
16:16:45 INFO  : ps7_init is completed.
16:16:45 INFO  : ps7_post_config is completed.
16:16:46 INFO  : Processor reset is completed for ps7_cortexa9_0
16:16:53 ERROR : The Hardware Project referenced by this BSP (interrupt_counter_bsp) was not found in this workspace. As a result, this BSP will not build properly. To fix this error, please import the associated hardware project or recreate a new BSP targeting an existing hardware platform.
16:26:15 INFO  : Connected to target on host '127.0.0.1' and port '3121'.
16:26:16 INFO  : 'targets -set -filter {jtag_cable_name =~ "Digilent Zybo 210279574435A" && level==0} -index 1' command is executed.
16:26:17 INFO  : FPGA configured successfully with bitstream "C:/Users/S143322/Digital_watch/digital_watch.sdk/zynq_interrupt_system_wrapper_hw_platform_0/zynq_interrupt_system_wrapper.bit"
16:26:21 INFO  : ps7_cortexa9_0 Processor is in use. Please stop existing Run or Debug sessions before launching.
16:26:23 INFO  : Processor reset is completed for ps7_cortexa9_0
16:27:39 INFO  : Connected to target on host '127.0.0.1' and port '3121'.
16:27:39 INFO  : 'targets -set -filter {jtag_cable_name =~ "Digilent Zybo 210279574435A" && level==0} -index 1' command is executed.
16:27:40 INFO  : FPGA configured successfully with bitstream "C:/Users/S143322/Digital_watch/digital_watch.sdk/zynq_interrupt_system_wrapper_hw_platform_0/zynq_interrupt_system_wrapper.bit"
16:27:46 INFO  : ps7_cortexa9_0 Processor is in use. Please stop existing Run or Debug sessions before launching.
16:27:48 INFO  : Processor reset is completed for ps7_cortexa9_0
16:28:25 INFO  : Connected to target on host '127.0.0.1' and port '3121'.
16:28:25 INFO  : 'targets -set -filter {jtag_cable_name =~ "Digilent Zybo 210279574435A" && level==0} -index 1' command is executed.
16:28:26 INFO  : FPGA configured successfully with bitstream "C:/Users/S143322/Digital_watch/digital_watch.sdk/zynq_interrupt_system_wrapper_hw_platform_0/zynq_interrupt_system_wrapper.bit"
16:28:32 INFO  : ps7_cortexa9_0 Processor is in use. Please stop existing Run or Debug sessions before launching.
16:28:34 INFO  : Processor reset is completed for ps7_cortexa9_0
16:29:58 INFO  : Connected to target on host '127.0.0.1' and port '3121'.
16:29:59 INFO  : 'targets -set -filter {jtag_cable_name =~ "Digilent Zybo 210279574435A" && level==0} -index 1' command is executed.
16:30:00 INFO  : FPGA configured successfully with bitstream "C:/Users/S143322/Digital_watch/digital_watch.sdk/zynq_interrupt_system_wrapper_hw_platform_0/zynq_interrupt_system_wrapper.bit"
16:30:12 INFO  : ps7_cortexa9_0 Processor is in use. Please stop existing Run or Debug sessions before launching.
16:30:13 INFO  : Processor reset is completed for ps7_cortexa9_0
16:43:01 ERROR : Unexpected error while fetching XMD's response: 
java.net.SocketException: Connection reset
	at java.net.SocketInputStream.read(Unknown Source)
	at java.net.SocketInputStream.read(Unknown Source)
	at sun.nio.cs.StreamDecoder.readBytes(Unknown Source)
	at sun.nio.cs.StreamDecoder.implRead(Unknown Source)
	at sun.nio.cs.StreamDecoder.read(Unknown Source)
	at java.io.InputStreamReader.read(Unknown Source)
	at java.io.BufferedReader.fill(Unknown Source)
	at java.io.BufferedReader.read(Unknown Source)
	at com.xilinx.sdk.targetmanager.internal.json.XMDJSONProcess$CommandResultsReader.run(XMDJSONProcess.java:332)
	at java.lang.Thread.run(Unknown Source)
16:43:01 ERROR : Zero sized response read from XMD. This indicates a communication error or a programming error.
16:57:32 INFO  : Processing command line option -hwspec C:/Users/S143322/Digital_watch/digital_watch.sdk/zynq_interrupt_system_wrapper.hdf.
16:57:32 INFO  : Checking for hwspec changes in the project zynq_interrupt_system_wrapper_hw_platform_0.
16:57:33 INFO  : Launching XSDB server: xsdb.bat -s C:/Xilinx/SDK/2015.1/scripts/xsdb/xsdb/xsdb-server.tcl 2450
16:57:34 INFO  : XSDB server has started successfully.
16:58:12 ERROR : Unexpected error while obtaining referenced S/W project {}
org.eclipse.core.internal.resources.ResourceException: Resource '/interrupt_counter_2D_bsp' is not open.
	at org.eclipse.core.internal.resources.Project.checkAccessible(Project.java:150)
	at org.eclipse.core.internal.resources.Project.hasNature(Project.java:584)
	at com.xilinx.sdk.sw.SwProjectUtils.getReferencedSwProject(SwProjectUtils.java:259)
	at com.xilinx.sdk.tools.internal.CProjectPropertyTester.test(CProjectPropertyTester.java:31)
	at org.eclipse.core.internal.expressions.Property.test(Property.java:58)
	at org.eclipse.core.internal.expressions.TestExpression.evaluate(TestExpression.java:99)
	at org.eclipse.core.internal.expressions.CompositeExpression.evaluateAnd(CompositeExpression.java:53)
	at org.eclipse.core.internal.expressions.IterateExpression.evaluate(IterateExpression.java:189)
	at org.eclipse.core.internal.expressions.CompositeExpression.evaluateAnd(CompositeExpression.java:53)
	at org.eclipse.core.internal.expressions.WithExpression.evaluate(WithExpression.java:72)
	at org.eclipse.e4.ui.internal.workbench.ContributionsAnalyzer.isVisible(ContributionsAnalyzer.java:247)
	at org.eclipse.e4.ui.workbench.renderers.swt.ContributionRecord.computeVisibility(ContributionRecord.java:166)
	at org.eclipse.e4.ui.workbench.renderers.swt.ContributionRecord.updateVisibility(ContributionRecord.java:96)
	at org.eclipse.e4.ui.workbench.renderers.swt.MenuManagerRendererFilter.updateElementVisibility(MenuManagerRendererFilter.java:185)
	at org.eclipse.e4.ui.workbench.renderers.swt.MenuManagerShowProcessor.showMenu(MenuManagerShowProcessor.java:258)
	at org.eclipse.e4.ui.workbench.renderers.swt.MenuManagerShowProcessor.menuAboutToHide(MenuManagerShowProcessor.java:125)
	at org.eclipse.jface.internal.MenuManagerEventHelper.showEventPostHelper(MenuManagerEventHelper.java:54)
	at org.eclipse.jface.action.MenuManager.handleAboutToShow(MenuManager.java:476)
	at org.eclipse.jface.action.MenuManager.access$1(MenuManager.java:470)
	at org.eclipse.jface.action.MenuManager$2.menuShown(MenuManager.java:500)
	at org.eclipse.swt.widgets.TypedListener.handleEvent(TypedListener.java:255)
	at org.eclipse.swt.widgets.EventTable.sendEvent(EventTable.java:84)
	at org.eclipse.swt.widgets.Widget.sendEvent(Widget.java:1057)
	at org.eclipse.swt.widgets.Widget.sendEvent(Widget.java:1081)
	at org.eclipse.swt.widgets.Widget.sendEvent(Widget.java:1062)
	at org.eclipse.swt.widgets.Control.WM_INITMENUPOPUP(Control.java:4964)
	at org.eclipse.swt.widgets.Control.windowProc(Control.java:4640)
	at org.eclipse.swt.widgets.Canvas.windowProc(Canvas.java:340)
	at org.eclipse.swt.widgets.Decorations.windowProc(Decorations.java:1627)
	at org.eclipse.swt.widgets.Shell.windowProc(Shell.java:2075)
	at org.eclipse.swt.widgets.Display.windowProc(Display.java:4977)
	at org.eclipse.swt.internal.win32.OS.TrackPopupMenu(Native Method)
	at org.eclipse.swt.widgets.Menu._setVisible(Menu.java:257)
	at org.eclipse.swt.widgets.Display.runPopups(Display.java:4211)
	at org.eclipse.swt.widgets.Display.readAndDispatch(Display.java:3753)
	at org.eclipse.e4.ui.internal.workbench.swt.PartRenderingEngine$9.run(PartRenderingEngine.java:1113)
	at org.eclipse.core.databinding.observable.Realm.runWithDefault(Realm.java:332)
	at org.eclipse.e4.ui.internal.workbench.swt.PartRenderingEngine.run(PartRenderingEngine.java:997)
	at org.eclipse.e4.ui.internal.workbench.E4Workbench.createAndRunUI(E4Workbench.java:140)
	at org.eclipse.ui.internal.Workbench$5.run(Workbench.java:611)
	at org.eclipse.core.databinding.observable.Realm.runWithDefault(Realm.java:332)
	at org.eclipse.ui.internal.Workbench.createAndRunWorkbench(Workbench.java:567)
	at org.eclipse.ui.PlatformUI.createAndRunWorkbench(PlatformUI.java:150)
	at org.eclipse.ui.internal.ide.application.IDEApplication.start(IDEApplication.java:124)
	at org.eclipse.equinox.internal.app.EclipseAppHandle.run(EclipseAppHandle.java:196)
	at org.eclipse.core.runtime.internal.adaptor.EclipseAppLauncher.runApplication(EclipseAppLauncher.java:110)
	at org.eclipse.core.runtime.internal.adaptor.EclipseAppLauncher.start(EclipseAppLauncher.java:79)
	at org.eclipse.core.runtime.adaptor.EclipseStarter.run(EclipseStarter.java:354)
	at org.eclipse.core.runtime.adaptor.EclipseStarter.run(EclipseStarter.java:181)
	at sun.reflect.NativeMethodAccessorImpl.invoke0(Native Method)
	at sun.reflect.NativeMethodAccessorImpl.invoke(Unknown Source)
	at sun.reflect.DelegatingMethodAccessorImpl.invoke(Unknown Source)
	at java.lang.reflect.Method.invoke(Unknown Source)
	at org.eclipse.equinox.launcher.Main.invokeFramework(Main.java:636)
	at org.eclipse.equinox.launcher.Main.basicRun(Main.java:591)
	at org.eclipse.equinox.launcher.Main.run(Main.java:1450)
16:58:12 ERROR : Unexpected error while obtaining referenced S/W project {}
org.eclipse.core.internal.resources.ResourceException: Resource '/interrupt_counter_2D_bsp' is not open.
	at org.eclipse.core.internal.resources.Project.checkAccessible(Project.java:150)
	at org.eclipse.core.internal.resources.Project.hasNature(Project.java:584)
	at com.xilinx.sdk.sw.SwProjectUtils.getReferencedSwProject(SwProjectUtils.java:259)
	at com.xilinx.sdk.tools.internal.CProjectPropertyTester.test(CProjectPropertyTester.java:31)
	at org.eclipse.core.internal.expressions.Property.test(Property.java:58)
	at org.eclipse.core.internal.expressions.TestExpression.evaluate(TestExpression.java:99)
	at org.eclipse.core.internal.expressions.CompositeExpression.evaluateAnd(CompositeExpression.java:53)
	at org.eclipse.core.internal.expressions.IterateExpression.evaluate(IterateExpression.java:189)
	at org.eclipse.core.internal.expressions.CompositeExpression.evaluateAnd(CompositeExpression.java:53)
	at org.eclipse.core.internal.expressions.WithExpression.evaluate(WithExpression.java:72)
	at org.eclipse.e4.ui.internal.workbench.ContributionsAnalyzer.isVisible(ContributionsAnalyzer.java:247)
	at org.eclipse.e4.ui.workbench.renderers.swt.ContributionRecord.computeVisibility(ContributionRecord.java:166)
	at org.eclipse.e4.ui.workbench.renderers.swt.ContributionRecord.updateVisibility(ContributionRecord.java:96)
	at org.eclipse.e4.ui.workbench.renderers.swt.MenuManagerRendererFilter.updateElementVisibility(MenuManagerRendererFilter.java:185)
	at org.eclipse.e4.ui.workbench.renderers.swt.MenuManagerShowProcessor.showMenu(MenuManagerShowProcessor.java:258)
	at org.eclipse.e4.ui.workbench.renderers.swt.MenuManagerShowProcessor.menuAboutToHide(MenuManagerShowProcessor.java:125)
	at org.eclipse.jface.internal.MenuManagerEventHelper.showEventPostHelper(MenuManagerEventHelper.java:54)
	at org.eclipse.jface.action.MenuManager.handleAboutToShow(MenuManager.java:476)
	at org.eclipse.jface.action.MenuManager.access$1(MenuManager.java:470)
	at org.eclipse.jface.action.MenuManager$2.menuShown(MenuManager.java:500)
	at org.eclipse.swt.widgets.TypedListener.handleEvent(TypedListener.java:255)
	at org.eclipse.swt.widgets.EventTable.sendEvent(EventTable.java:84)
	at org.eclipse.swt.widgets.Widget.sendEvent(Widget.java:1057)
	at org.eclipse.swt.widgets.Widget.sendEvent(Widget.java:1081)
	at org.eclipse.swt.widgets.Widget.sendEvent(Widget.java:1062)
	at org.eclipse.swt.widgets.Control.WM_INITMENUPOPUP(Control.java:4964)
	at org.eclipse.swt.widgets.Control.windowProc(Control.java:4640)
	at org.eclipse.swt.widgets.Canvas.windowProc(Canvas.java:340)
	at org.eclipse.swt.widgets.Decorations.windowProc(Decorations.java:1627)
	at org.eclipse.swt.widgets.Shell.windowProc(Shell.java:2075)
	at org.eclipse.swt.widgets.Display.windowProc(Display.java:4977)
	at org.eclipse.swt.internal.win32.OS.TrackPopupMenu(Native Method)
	at org.eclipse.swt.widgets.Menu._setVisible(Menu.java:257)
	at org.eclipse.swt.widgets.Display.runPopups(Display.java:4211)
	at org.eclipse.swt.widgets.Display.readAndDispatch(Display.java:3753)
	at org.eclipse.e4.ui.internal.workbench.swt.PartRenderingEngine$9.run(PartRenderingEngine.java:1113)
	at org.eclipse.core.databinding.observable.Realm.runWithDefault(Realm.java:332)
	at org.eclipse.e4.ui.internal.workbench.swt.PartRenderingEngine.run(PartRenderingEngine.java:997)
	at org.eclipse.e4.ui.internal.workbench.E4Workbench.createAndRunUI(E4Workbench.java:140)
	at org.eclipse.ui.internal.Workbench$5.run(Workbench.java:611)
	at org.eclipse.core.databinding.observable.Realm.runWithDefault(Realm.java:332)
	at org.eclipse.ui.internal.Workbench.createAndRunWorkbench(Workbench.java:567)
	at org.eclipse.ui.PlatformUI.createAndRunWorkbench(PlatformUI.java:150)
	at org.eclipse.ui.internal.ide.application.IDEApplication.start(IDEApplication.java:124)
	at org.eclipse.equinox.internal.app.EclipseAppHandle.run(EclipseAppHandle.java:196)
	at org.eclipse.core.runtime.internal.adaptor.EclipseAppLauncher.runApplication(EclipseAppLauncher.java:110)
	at org.eclipse.core.runtime.internal.adaptor.EclipseAppLauncher.start(EclipseAppLauncher.java:79)
	at org.eclipse.core.runtime.adaptor.EclipseStarter.run(EclipseStarter.java:354)
	at org.eclipse.core.runtime.adaptor.EclipseStarter.run(EclipseStarter.java:181)
	at sun.reflect.NativeMethodAccessorImpl.invoke0(Native Method)
	at sun.reflect.NativeMethodAccessorImpl.invoke(Unknown Source)
	at sun.reflect.DelegatingMethodAccessorImpl.invoke(Unknown Source)
	at java.lang.reflect.Method.invoke(Unknown Source)
	at org.eclipse.equinox.launcher.Main.invokeFramework(Main.java:636)
	at org.eclipse.equinox.launcher.Main.basicRun(Main.java:591)
	at org.eclipse.equinox.launcher.Main.run(Main.java:1450)
17:00:08 INFO  : Processing command line option -hwspec C:/Users/S143322/Digital_watch/digital_watch.sdk/zynq_interrupt_system_wrapper.hdf.
17:00:09 INFO  : Launching XSDB server: xsdb.bat -s C:/Xilinx/SDK/2015.1/scripts/xsdb/xsdb/xsdb-server.tcl 2450
17:00:10 INFO  : XSDB server has started successfully.
17:02:05 INFO  : Connected to target on host '127.0.0.1' and port '3121'.
17:02:05 INFO  : 'targets -set -filter {jtag_cable_name =~ "Digilent Zybo 210279574435A" && level==0} -index 1' command is executed.
17:02:07 INFO  : FPGA configured successfully with bitstream "C:/Users/S143322/Digital_watch/digital_watch.sdk/zynq_interrupt_system_wrapper_hw_platform_0/zynq_interrupt_system_wrapper.bit"
17:02:17 INFO  : ps7_init is completed.
17:02:17 INFO  : ps7_post_config is completed.
17:02:17 INFO  : Processor reset is completed for ps7_cortexa9_0
17:02:35 ERROR : Unexpected error while parsing XMD response ?: com.google.gson.JsonSyntaxException: com.google.gson.stream.MalformedJsonException: invalid number or unquoted string near 
