#-----------------------------------------------------------
# Webtalk v2015.1 (64-bit)
# SW Build 1215546 on Mon Apr 27 19:37:43 MDT 2015
# 
# Start of session at: Wed Oct 26 17:02:33 2016
# Process ID: 9612
# Log file: C:/Users/S143322/Digital_watch/digital_watch.sdk/webtalk/webtalk.log
# Journal file: C:/Users/S143322/Digital_watch/digital_watch.sdk/webtalk\webtalk.jou
#-----------------------------------------------------------
source sdk_webtalk.tcl
# webtalk_init -webtalk_dir C:\\Users\\S143322\\Digital_watch\\digital_watch.sdk\\webtalk
# webtalk_register_client -client project
# webtalk_add_data -client project -key date_generated -value "on okt. 26 17:02:33 2016" -context "software_version_and_target_device"
# webtalk_add_data -client project -key product_version -value "SDK v2015.1" -context "software_version_and_target_device"
# webtalk_add_data -client project -key build_version -value "2015.1" -context "software_version_and_target_device"
# webtalk_add_data -client project -key os_platform -value "amd64" -context "software_version_and_target_device"
# webtalk_add_data -client project -key registration_id -value "176339219_1777488102_210619602_404" -context "software_version_and_target_device"
# webtalk_add_data -client project -key tool_flow -value "SDK" -context "software_version_and_target_device"
# webtalk_add_data -client project -key beta -value "false" -context "software_version_and_target_device"
# webtalk_add_data -client project -key route_design -value "NA" -context "software_version_and_target_device"
# webtalk_add_data -client project -key target_family -value "NA" -context "software_version_and_target_device"
# webtalk_add_data -client project -key target_device -value "NA" -context "software_version_and_target_device"
# webtalk_add_data -client project -key target_package -value "NA" -context "software_version_and_target_device"
# webtalk_add_data -client project -key target_speed -value "NA" -context "software_version_and_target_device"
# webtalk_add_data -client project -key random_id -value "51j4ju1b2el476b7bvpugmf1n3" -context "software_version_and_target_device"
# webtalk_add_data -client project -key project_id -value "2015.1_2" -context "software_version_and_target_device"
# webtalk_add_data -client project -key project_iteration -value "2" -context "software_version_and_target_device"
# webtalk_add_data -client project -key os_name -value "Microsoft Windows 8 or later , 64-bit" -context "user_environment"
# webtalk_add_data -client project -key os_release -value "major release  (build 9200)" -context "user_environment"
# webtalk_add_data -client project -key cpu_name -value "Intel(R) Core(TM) i5-4590 CPU @ 3.30GHz" -context "user_environment"
# webtalk_add_data -client project -key cpu_speed -value "3292 MHz" -context "user_environment"
# webtalk_add_data -client project -key total_processors -value "1" -context "user_environment"
# webtalk_add_data -client project -key system_ram -value "8.000 GB" -context "user_environment"
# webtalk_register_client -client sdk
# webtalk_add_data -client sdk -key uid -value "1477494010690" -context "sdk\\\\hardware/1477494010690"
# webtalk_add_data -client sdk -key isZynq -value "true" -context "sdk\\\\hardware/1477494010690"
# webtalk_add_data -client sdk -key Processors -value "2" -context "sdk\\\\hardware/1477494010690"
# webtalk_add_data -client sdk -key VivadoVersion -value "2015.1" -context "sdk\\\\hardware/1477494010690"
# webtalk_add_data -client sdk -key Arch -value "zynq" -context "sdk\\\\hardware/1477494010690"
# webtalk_add_data -client sdk -key Device -value "7z010" -context "sdk\\\\hardware/1477494010690"
# webtalk_add_data -client sdk -key IsHandoff -value "true" -context "sdk\\\\hardware/1477494010690"
# webtalk_add_data -client sdk -key uid -value "1477494044108" -context "sdk\\\\bsp/1477494044108"
# webtalk_add_data -client sdk -key hwid -value "1477494010690" -context "sdk\\\\bsp/1477494044108"
# webtalk_add_data -client sdk -key os -value "standalone" -context "sdk\\\\bsp/1477494044108"
# webtalk_add_data -client sdk -key apptemplate -value "empty_application" -context "sdk\\\\bsp/1477494044108"
# webtalk_add_data -client sdk -key uid -value "1477494045499" -context "sdk\\\\application/1477494045499"
# webtalk_add_data -client sdk -key hwid -value "1477494010690" -context "sdk\\\\application/1477494045499"
# webtalk_add_data -client sdk -key bspid -value "1477494044108" -context "sdk\\\\application/1477494045499"
# webtalk_add_data -client sdk -key newbsp -value "true" -context "sdk\\\\application/1477494045499"
# webtalk_add_data -client sdk -key os -value "standalone" -context "sdk\\\\application/1477494045499"
# webtalk_add_data -client sdk -key apptemplate -value "empty_application" -context "sdk\\\\application/1477494045499"
# webtalk_transmit -clientid 536860250 -regid "176339219_1777488102_210619602_404" -xml C:\\Users\\S143322\\Digital_watch\\digital_watch.sdk\\webtalk\\usage_statistics_ext_sdk.xml -html C:\\Users\\S143322\\Digital_watch\\digital_watch.sdk\\webtalk\\usage_statistics_ext_sdk.html -wdm C:\\Users\\S143322\\Digital_watch\\digital_watch.sdk\\webtalk\\sdk_webtalk.wdm -intro "<H3>SDK Usage Report</H3><BR>"
INFO: [Common 17-186] 'C:\Users\S143322\Digital_watch\digital_watch.sdk\webtalk\usage_statistics_ext_sdk.xml' has been successfully sent to Xilinx on Wed Oct 26 17:02:38 2016. For additional details about this file, please refer to the WebTalk help file at C:/Xilinx/SDK/2015.1/doc/webtalk_introduction.html.
# webtalk_terminate
INFO: [Common 17-206] Exiting Webtalk at Wed Oct 26 17:02:38 2016...
